<?xml version="1.0" encoding="UTF-8"?>
<coverage generated="1736719587802" clover="3.2.0">
  <project timestamp="1736719587802" name="All files">
    <metrics statements="19" coveredstatements="19" conditionals="55" coveredconditionals="45" methods="31" coveredmethods="30" elements="105" coveredelements="94" complexity="0" loc="19" ncloc="19" packages="1" files="1" classes="1"/>
    <file name="index.js" path="/Users/federicoghedina/node/pangjs/dist/index.js">
      <metrics statements="19" coveredstatements="19" conditionals="55" coveredconditionals="45" methods="31" coveredmethods="30"/>
      <line num="8" count="23" type="cond" truecount="3" falsecount="1"/>
      <line num="9" count="22" type="cond" truecount="6" falsecount="4"/>
      <line num="10" count="23" type="cond" truecount="8" falsecount="0"/>
      <line num="11" count="1" type="stmt"/>
      <line num="13" count="1" type="stmt"/>
      <line num="14" count="57" type="cond" truecount="4" falsecount="0"/>
      <line num="15" count="21" type="cond" truecount="6" falsecount="0"/>
      <line num="16" count="4" type="stmt"/>
      <line num="17" count="42" type="stmt"/>
      <line num="18" count="24" type="cond" truecount="2" falsecount="0"/>
      <line num="19" count="23" type="cond" truecount="3" falsecount="1"/>
      <line num="20" count="23" type="stmt"/>
      <line num="21" count="2" type="stmt"/>
      <line num="22" count="1" type="cond" truecount="1" falsecount="1"/>
      <line num="23" count="1" type="cond" truecount="6" falsecount="1"/>
      <line num="24" count="3" type="cond" truecount="1" falsecount="1"/>
      <line num="25" count="22" type="cond" truecount="1" falsecount="1"/>
      <line num="26" count="4" type="cond" truecount="2" falsecount="0"/>
      <line num="27" count="1" type="cond" truecount="2" falsecount="0"/>
    </file>
  </project>
</coverage>
