<?xml version="1.0" encoding="UTF-8"?>
<coverage generated="1736838097980" clover="3.2.0">
  <project timestamp="1736838097980" name="All files">
    <metrics statements="20" coveredstatements="20" conditionals="57" coveredconditionals="47" methods="32" coveredmethods="31" elements="109" coveredelements="98" complexity="0" loc="20" ncloc="20" packages="1" files="1" classes="1"/>
    <file name="index.js" path="/Users/federicoghedina/node/pangjs/dist/index.js">
      <metrics statements="20" coveredstatements="20" conditionals="57" coveredconditionals="47" methods="32" coveredmethods="31"/>
      <line num="8" count="47" type="cond" truecount="3" falsecount="1"/>
      <line num="9" count="22" type="cond" truecount="6" falsecount="4"/>
      <line num="10" count="22" type="cond" truecount="6" falsecount="0"/>
      <line num="11" count="23" type="cond" truecount="4" falsecount="0"/>
      <line num="12" count="1" type="stmt"/>
      <line num="14" count="1" type="stmt"/>
      <line num="15" count="57" type="cond" truecount="4" falsecount="0"/>
      <line num="16" count="21" type="cond" truecount="6" falsecount="0"/>
      <line num="17" count="4" type="stmt"/>
      <line num="18" count="42" type="stmt"/>
      <line num="19" count="24" type="cond" truecount="2" falsecount="0"/>
      <line num="20" count="23" type="cond" truecount="3" falsecount="1"/>
      <line num="21" count="23" type="stmt"/>
      <line num="22" count="2" type="stmt"/>
      <line num="23" count="1" type="cond" truecount="1" falsecount="1"/>
      <line num="24" count="1" type="cond" truecount="6" falsecount="1"/>
      <line num="25" count="3" type="cond" truecount="1" falsecount="1"/>
      <line num="26" count="22" type="stmt"/>
      <line num="27" count="4" type="cond" truecount="3" falsecount="1"/>
      <line num="28" count="1" type="cond" truecount="2" falsecount="0"/>
    </file>
  </project>
</coverage>
