{"/Users/federicoghedina/node/pangjs/dist/index.js": {"path":"/Users/federicoghedina/node/pangjs/dist/index.js","statementMap":{"0":{"start":{"line":8,"column":11},"end":{"line":30,"column":192}},"1":{"start":{"line":8,"column":51},"end":{"line":8,"column":93}},"2":{"start":{"line":8,"column":75},"end":{"line":8,"column":93}},"3":{"start":{"line":8,"column":110},"end":{"line":8,"column":162}},"4":{"start":{"line":8,"column":144},"end":{"line":8,"column":162}},"5":{"start":{"line":9,"column":0},"end":{"line":9,"column":40}},"6":{"start":{"line":9,"column":22},"end":{"line":9,"column":40}},"7":{"start":{"line":9,"column":57},"end":{"line":10,"column":100}},"8":{"start":{"line":10,"column":119},"end":{"line":12,"column":53}},"9":{"start":{"line":11,"column":66},"end":{"line":11,"column":74}},"10":{"start":{"line":12,"column":60},"end":{"line":14,"column":114}},"11":{"start":{"line":14,"column":115},"end":{"line":19,"column":84}},"12":{"start":{"line":15,"column":0},"end":{"line":15,"column":69}},"13":{"start":{"line":15,"column":105},"end":{"line":15,"column":133}},"14":{"start":{"line":15,"column":141},"end":{"line":15,"column":145}},"15":{"start":{"line":15,"column":146},"end":{"line":16,"column":61}},"16":{"start":{"line":16,"column":39},"end":{"line":16,"column":60}},"17":{"start":{"line":16,"column":101},"end":{"line":16,"column":146}},"18":{"start":{"line":16,"column":147},"end":{"line":17,"column":124}},"19":{"start":{"line":17,"column":154},"end":{"line":18,"column":27}},"20":{"start":{"line":18,"column":58},"end":{"line":18,"column":140}},"21":{"start":{"line":18,"column":94},"end":{"line":18,"column":111}},"22":{"start":{"line":18,"column":134},"end":{"line":18,"column":138}},"23":{"start":{"line":18,"column":171},"end":{"line":19,"column":82}},"24":{"start":{"line":19,"column":90},"end":{"line":19,"column":128}},"25":{"start":{"line":19,"column":101},"end":{"line":19,"column":127}},"26":{"start":{"line":19,"column":129},"end":{"line":30,"column":189}},"27":{"start":{"line":20,"column":0},"end":{"line":20,"column":33}},"28":{"start":{"line":20,"column":66},"end":{"line":20,"column":117}},"29":{"start":{"line":20,"column":105},"end":{"line":20,"column":117}},"30":{"start":{"line":20,"column":117},"end":{"line":21,"column":59}},"31":{"start":{"line":21,"column":93},"end":{"line":22,"column":1}},"32":{"start":{"line":21,"column":110},"end":{"line":22,"column":1}},"33":{"start":{"line":22,"column":7},"end":{"line":22,"column":11}},"34":{"start":{"line":22,"column":14},"end":{"line":22,"column":20}},"35":{"start":{"line":22,"column":23},"end":{"line":22,"column":36}},"36":{"start":{"line":22,"column":39},"end":{"line":22,"column":56}},"37":{"start":{"line":22,"column":57},"end":{"line":22,"column":161}},"38":{"start":{"line":22,"column":100},"end":{"line":22,"column":161}},"39":{"start":{"line":22,"column":167},"end":{"line":22,"column":186}},"40":{"start":{"line":23,"column":1},"end":{"line":23,"column":138}},"41":{"start":{"line":23,"column":72},"end":{"line":23,"column":136}},"42":{"start":{"line":24,"column":0},"end":{"line":24,"column":29}},"43":{"start":{"line":24,"column":5},"end":{"line":24,"column":29}},"44":{"start":{"line":24,"column":29},"end":{"line":24,"column":56}},"45":{"start":{"line":24,"column":62},"end":{"line":24,"column":89}},"46":{"start":{"line":24,"column":90},"end":{"line":24,"column":143}},"47":{"start":{"line":25,"column":0},"end":{"line":25,"column":39}},"48":{"start":{"line":25,"column":70},"end":{"line":27,"column":1}},"49":{"start":{"line":26,"column":116},"end":{"line":27,"column":1}},"50":{"start":{"line":27,"column":7},"end":{"line":27,"column":34}},"51":{"start":{"line":27,"column":37},"end":{"line":27,"column":78}},"52":{"start":{"line":27,"column":81},"end":{"line":27,"column":110}},"53":{"start":{"line":27,"column":111},"end":{"line":27,"column":184}},"54":{"start":{"line":28,"column":39},"end":{"line":28,"column":93}},"55":{"start":{"line":28,"column":124},"end":{"line":29,"column":4}},"56":{"start":{"line":29,"column":41},"end":{"line":29,"column":60}},"57":{"start":{"line":29,"column":82},"end":{"line":29,"column":103}},"58":{"start":{"line":29,"column":125},"end":{"line":30,"column":187}},"59":{"start":{"line":29,"column":154},"end":{"line":29,"column":178}},"60":{"start":{"line":30,"column":6},"end":{"line":30,"column":25}},"61":{"start":{"line":30,"column":28},"end":{"line":30,"column":36}},"62":{"start":{"line":30,"column":37},"end":{"line":30,"column":186}},"63":{"start":{"line":30,"column":68},"end":{"line":30,"column":184}},"64":{"start":{"line":30,"column":100},"end":{"line":30,"column":163}},"65":{"start":{"line":30,"column":126},"end":{"line":30,"column":161}},"66":{"start":{"line":31,"column":1},"end":{"line":31,"column":51}}},"fnMap":{"0":{"name":"(anonymous_0)","decl":{"start":{"line":8,"column":11},"end":{"line":8,"column":12}},"loc":{"start":{"line":8,"column":21},"end":{"line":30,"column":190}},"line":8},"1":{"name":"t","decl":{"start":{"line":8,"column":44},"end":{"line":8,"column":45}},"loc":{"start":{"line":8,"column":50},"end":{"line":8,"column":94}},"line":8},"2":{"name":"e","decl":{"start":{"line":8,"column":103},"end":{"line":8,"column":104}},"loc":{"start":{"line":8,"column":109},"end":{"line":8,"column":163}},"line":8},"3":{"name":"s","decl":{"start":{"line":8,"column":172},"end":{"line":8,"column":173}},"loc":{"start":{"line":8,"column":178},"end":{"line":9,"column":41}},"line":8},"4":{"name":"i","decl":{"start":{"line":9,"column":50},"end":{"line":9,"column":51}},"loc":{"start":{"line":9,"column":56},"end":{"line":10,"column":101}},"line":9},"5":{"name":"r","decl":{"start":{"line":10,"column":110},"end":{"line":10,"column":111}},"loc":{"start":{"line":10,"column":118},"end":{"line":12,"column":54}},"line":10},"6":{"name":"(anonymous_6)","decl":{"start":{"line":11,"column":55},"end":{"line":11,"column":56}},"loc":{"start":{"line":11,"column":65},"end":{"line":11,"column":75}},"line":11},"7":{"name":"(anonymous_7)","decl":{"start":{"line":14,"column":131},"end":{"line":14,"column":132}},"loc":{"start":{"line":14,"column":142},"end":{"line":15,"column":70}},"line":14},"8":{"name":"(anonymous_8)","decl":{"start":{"line":15,"column":93},"end":{"line":15,"column":94}},"loc":{"start":{"line":15,"column":104},"end":{"line":16,"column":62}},"line":15},"9":{"name":"(anonymous_9)","decl":{"start":{"line":16,"column":28},"end":{"line":16,"column":29}},"loc":{"start":{"line":16,"column":38},"end":{"line":16,"column":61}},"line":16},"10":{"name":"(anonymous_10)","decl":{"start":{"line":16,"column":81},"end":{"line":16,"column":82}},"loc":{"start":{"line":16,"column":94},"end":{"line":17,"column":125}},"line":16},"11":{"name":"(anonymous_11)","decl":{"start":{"line":17,"column":143},"end":{"line":17,"column":144}},"loc":{"start":{"line":17,"column":153},"end":{"line":18,"column":28}},"line":17},"12":{"name":"(anonymous_12)","decl":{"start":{"line":18,"column":46},"end":{"line":18,"column":47}},"loc":{"start":{"line":18,"column":57},"end":{"line":18,"column":141}},"line":18},"13":{"name":"(anonymous_13)","decl":{"start":{"line":18,"column":82},"end":{"line":18,"column":83}},"loc":{"start":{"line":18,"column":93},"end":{"line":18,"column":112}},"line":18},"14":{"name":"(anonymous_14)","decl":{"start":{"line":18,"column":122},"end":{"line":18,"column":123}},"loc":{"start":{"line":18,"column":133},"end":{"line":18,"column":139}},"line":18},"15":{"name":"(anonymous_15)","decl":{"start":{"line":18,"column":160},"end":{"line":18,"column":161}},"loc":{"start":{"line":18,"column":170},"end":{"line":19,"column":83}},"line":18},"16":{"name":"(anonymous_16)","decl":{"start":{"line":19,"column":90},"end":{"line":19,"column":91}},"loc":{"start":{"line":19,"column":100},"end":{"line":19,"column":128}},"line":19},"17":{"name":"(anonymous_17)","decl":{"start":{"line":19,"column":157},"end":{"line":19,"column":158}},"loc":{"start":{"line":19,"column":168},"end":{"line":20,"column":34}},"line":19},"18":{"name":"(anonymous_18)","decl":{"start":{"line":20,"column":55},"end":{"line":20,"column":56}},"loc":{"start":{"line":20,"column":65},"end":{"line":21,"column":60}},"line":20},"19":{"name":"(anonymous_19)","decl":{"start":{"line":21,"column":79},"end":{"line":21,"column":80}},"loc":{"start":{"line":21,"column":92},"end":{"line":23,"column":139}},"line":21},"20":{"name":"(anonymous_20)","decl":{"start":{"line":23,"column":60},"end":{"line":23,"column":61}},"loc":{"start":{"line":23,"column":71},"end":{"line":23,"column":137}},"line":23},"21":{"name":"(anonymous_21)","decl":{"start":{"line":23,"column":161},"end":{"line":23,"column":162}},"loc":{"start":{"line":23,"column":172},"end":{"line":24,"column":144}},"line":23},"22":{"name":"(anonymous_22)","decl":{"start":{"line":24,"column":167},"end":{"line":24,"column":168}},"loc":{"start":{"line":24,"column":178},"end":{"line":25,"column":40}},"line":24},"23":{"name":"(anonymous_23)","decl":{"start":{"line":25,"column":58},"end":{"line":25,"column":59}},"loc":{"start":{"line":25,"column":69},"end":{"line":27,"column":185}},"line":25},"24":{"name":"(anonymous_24)","decl":{"start":{"line":28,"column":27},"end":{"line":28,"column":28}},"loc":{"start":{"line":28,"column":38},"end":{"line":28,"column":94}},"line":28},"25":{"name":"(anonymous_25)","decl":{"start":{"line":28,"column":113},"end":{"line":28,"column":114}},"loc":{"start":{"line":28,"column":123},"end":{"line":29,"column":5}},"line":28},"26":{"name":"(anonymous_26)","decl":{"start":{"line":29,"column":25},"end":{"line":29,"column":26}},"loc":{"start":{"line":29,"column":40},"end":{"line":29,"column":61}},"line":29},"27":{"name":"(anonymous_27)","decl":{"start":{"line":29,"column":70},"end":{"line":29,"column":71}},"loc":{"start":{"line":29,"column":81},"end":{"line":29,"column":104}},"line":29},"28":{"name":"(anonymous_28)","decl":{"start":{"line":29,"column":113},"end":{"line":29,"column":114}},"loc":{"start":{"line":29,"column":124},"end":{"line":30,"column":188}},"line":29},"29":{"name":"(anonymous_29)","decl":{"start":{"line":29,"column":142},"end":{"line":29,"column":143}},"loc":{"start":{"line":29,"column":153},"end":{"line":29,"column":179}},"line":29},"30":{"name":"(anonymous_30)","decl":{"start":{"line":29,"column":181},"end":{"line":29,"column":182}},"loc":{"start":{"line":29,"column":196},"end":{"line":30,"column":187}},"line":29},"31":{"name":"(anonymous_31)","decl":{"start":{"line":30,"column":56},"end":{"line":30,"column":57}},"loc":{"start":{"line":30,"column":67},"end":{"line":30,"column":185}},"line":30},"32":{"name":"(anonymous_32)","decl":{"start":{"line":30,"column":84},"end":{"line":30,"column":85}},"loc":{"start":{"line":30,"column":99},"end":{"line":30,"column":164}},"line":30},"33":{"name":"(anonymous_33)","decl":{"start":{"line":30,"column":114},"end":{"line":30,"column":115}},"loc":{"start":{"line":30,"column":125},"end":{"line":30,"column":162}},"line":30}},"branchMap":{"0":{"loc":{"start":{"line":8,"column":51},"end":{"line":8,"column":93}},"type":"if","locations":[{"start":{"line":8,"column":51},"end":{"line":8,"column":93}},{"start":{},"end":{}}],"line":8},"1":{"loc":{"start":{"line":8,"column":110},"end":{"line":8,"column":162}},"type":"if","locations":[{"start":{"line":8,"column":110},"end":{"line":8,"column":162}},{"start":{},"end":{}}],"line":8},"2":{"loc":{"start":{"line":9,"column":0},"end":{"line":9,"column":40}},"type":"if","locations":[{"start":{"line":9,"column":0},"end":{"line":9,"column":40}},{"start":{},"end":{}}],"line":9},"3":{"loc":{"start":{"line":10,"column":17},"end":{"line":10,"column":68}},"type":"binary-expr","locations":[{"start":{"line":10,"column":17},"end":{"line":10,"column":65}},{"start":{"line":10,"column":67},"end":{"line":10,"column":68}}],"line":10},"4":{"loc":{"start":{"line":10,"column":132},"end":{"line":10,"column":136}},"type":"binary-expr","locations":[{"start":{"line":10,"column":132},"end":{"line":10,"column":133}},{"start":{"line":10,"column":135},"end":{"line":10,"column":136}}],"line":10},"5":{"loc":{"start":{"line":10,"column":188},"end":{"line":10,"column":193}},"type":"binary-expr","locations":[{"start":{"line":10,"column":188},"end":{"line":10,"column":189}},{"start":{"line":10,"column":191},"end":{"line":10,"column":193}}],"line":10},"6":{"loc":{"start":{"line":11,"column":12},"end":{"line":11,"column":17}},"type":"binary-expr","locations":[{"start":{"line":11,"column":12},"end":{"line":11,"column":13}},{"start":{"line":11,"column":15},"end":{"line":11,"column":17}}],"line":11},"7":{"loc":{"start":{"line":11,"column":36},"end":{"line":11,"column":75}},"type":"binary-expr","locations":[{"start":{"line":11,"column":36},"end":{"line":11,"column":53}},{"start":{"line":11,"column":55},"end":{"line":11,"column":75}}],"line":11},"8":{"loc":{"start":{"line":15,"column":12},"end":{"line":15,"column":37}},"type":"cond-expr","locations":[{"start":{"line":15,"column":14},"end":{"line":15,"column":28}},{"start":{"line":15,"column":29},"end":{"line":15,"column":37}}],"line":15},"9":{"loc":{"start":{"line":15,"column":44},"end":{"line":15,"column":67}},"type":"cond-expr","locations":[{"start":{"line":15,"column":46},"end":{"line":15,"column":59}},{"start":{"line":15,"column":60},"end":{"line":15,"column":67}}],"line":15},"10":{"loc":{"start":{"line":17,"column":0},"end":{"line":17,"column":72}},"type":"cond-expr","locations":[{"start":{"line":17,"column":44},"end":{"line":17,"column":53}},{"start":{"line":17,"column":54},"end":{"line":17,"column":72}}],"line":17},"11":{"loc":{"start":{"line":17,"column":0},"end":{"line":17,"column":43}},"type":"binary-expr","locations":[{"start":{"line":17,"column":0},"end":{"line":17,"column":16}},{"start":{"line":17,"column":18},"end":{"line":17,"column":43}}],"line":17},"12":{"loc":{"start":{"line":17,"column":105},"end":{"line":17,"column":119}},"type":"binary-expr","locations":[{"start":{"line":17,"column":105},"end":{"line":17,"column":106}},{"start":{"line":17,"column":108},"end":{"line":17,"column":119}}],"line":17},"13":{"loc":{"start":{"line":20,"column":66},"end":{"line":20,"column":117}},"type":"if","locations":[{"start":{"line":20,"column":66},"end":{"line":20,"column":117}},{"start":{},"end":{}}],"line":20},"14":{"loc":{"start":{"line":21,"column":93},"end":{"line":22,"column":1}},"type":"if","locations":[{"start":{"line":21,"column":93},"end":{"line":22,"column":1}},{"start":{},"end":{}}],"line":21},"15":{"loc":{"start":{"line":22,"column":23},"end":{"line":22,"column":36}},"type":"binary-expr","locations":[{"start":{"line":22,"column":23},"end":{"line":22,"column":32}},{"start":{"line":22,"column":34},"end":{"line":22,"column":36}}],"line":22},"16":{"loc":{"start":{"line":22,"column":57},"end":{"line":22,"column":161}},"type":"if","locations":[{"start":{"line":22,"column":57},"end":{"line":22,"column":161}},{"start":{},"end":{}}],"line":22},"17":{"loc":{"start":{"line":23,"column":107},"end":{"line":23,"column":134}},"type":"binary-expr","locations":[{"start":{"line":23,"column":107},"end":{"line":23,"column":108}},{"start":{"line":23,"column":110},"end":{"line":23,"column":134}}],"line":23},"18":{"loc":{"start":{"line":24,"column":0},"end":{"line":24,"column":29}},"type":"if","locations":[{"start":{"line":24,"column":0},"end":{"line":24,"column":29}},{"start":{},"end":{}}],"line":24},"19":{"loc":{"start":{"line":25,"column":70},"end":{"line":27,"column":1}},"type":"if","locations":[{"start":{"line":25,"column":70},"end":{"line":27,"column":1}},{"start":{},"end":{}}],"line":25},"20":{"loc":{"start":{"line":26,"column":0},"end":{"line":26,"column":115}},"type":"binary-expr","locations":[{"start":{"line":26,"column":0},"end":{"line":26,"column":35}},{"start":{"line":26,"column":37},"end":{"line":26,"column":96}},{"start":{"line":26,"column":98},"end":{"line":26,"column":108}},{"start":{"line":26,"column":110},"end":{"line":26,"column":115}}],"line":26},"21":{"loc":{"start":{"line":27,"column":37},"end":{"line":27,"column":78}},"type":"binary-expr","locations":[{"start":{"line":27,"column":37},"end":{"line":27,"column":41}},{"start":{"line":27,"column":43},"end":{"line":27,"column":78}}],"line":27},"22":{"loc":{"start":{"line":27,"column":81},"end":{"line":27,"column":110}},"type":"cond-expr","locations":[{"start":{"line":27,"column":83},"end":{"line":27,"column":84}},{"start":{"line":27,"column":85},"end":{"line":27,"column":110}}],"line":27},"23":{"loc":{"start":{"line":30,"column":133},"end":{"line":30,"column":161}},"type":"cond-expr","locations":[{"start":{"line":30,"column":141},"end":{"line":30,"column":152}},{"start":{"line":30,"column":153},"end":{"line":30,"column":161}}],"line":30},"24":{"loc":{"start":{"line":31,"column":1},"end":{"line":31,"column":50}},"type":"binary-expr","locations":[{"start":{"line":31,"column":1},"end":{"line":31,"column":25}},{"start":{"line":31,"column":28},"end":{"line":31,"column":49}}],"line":31}},"s":{"0":1,"1":62,"2":1,"3":43,"4":1,"5":9,"6":1,"7":28,"8":29,"9":43,"10":1,"11":1,"12":99,"13":2,"14":2,"15":2,"16":1,"17":41,"18":41,"19":32,"20":38,"21":3,"22":2,"23":6,"24":1,"25":1,"26":1,"27":87,"28":2,"29":1,"30":1,"31":45,"32":1,"33":44,"34":44,"35":44,"36":44,"37":44,"38":1,"39":43,"40":43,"41":41,"42":15,"43":3,"44":12,"45":12,"46":12,"47":2,"48":9,"49":3,"50":5,"51":5,"52":5,"53":5,"54":1,"55":6,"56":29,"57":1,"58":1,"59":2,"60":2,"61":2,"62":2,"63":2,"64":4,"65":4,"66":1},"f":{"0":1,"1":62,"2":43,"3":9,"4":28,"5":29,"6":43,"7":99,"8":2,"9":1,"10":41,"11":32,"12":38,"13":3,"14":2,"15":6,"16":1,"17":87,"18":2,"19":45,"20":41,"21":15,"22":2,"23":9,"24":1,"25":6,"26":29,"27":1,"28":1,"29":2,"30":2,"31":2,"32":4,"33":4},"b":{"0":[1,61],"1":[1,42],"2":[1,8],"3":[28,17],"4":[29,1],"5":[28,6],"6":[28,13],"7":[28,27],"8":[60,39],"9":[60,39],"10":[22,19],"11":[41,41],"12":[41,20],"13":[1,1],"14":[1,44],"15":[44,8],"16":[1,43],"17":[41,20],"18":[3,12],"19":[3,5],"20":[8,8,5,5],"21":[5,4],"22":[3,2],"23":[2,2],"24":[1,1]},"_coverageSchema":"1a1c01bbd47fc00a2c39e90264f33305004495a9","hash":"289204ec7f7269cb9137acc0760ad54fbed0649c"}
}
