{"/Users/federicoghedina/node/pangjs/dist/index.js": {"path":"/Users/federicoghedina/node/pangjs/dist/index.js","statementMap":{"0":{"start":{"line":8,"column":13},"end":{"line":260,"column":4}},"1":{"start":{"line":15,"column":17},"end":{"line":23,"column":5}},"2":{"start":{"line":30,"column":8},"end":{"line":30,"column":62}},"3":{"start":{"line":30,"column":39},"end":{"line":30,"column":60}},"4":{"start":{"line":45,"column":8},"end":{"line":45,"column":70}},"5":{"start":{"line":45,"column":47},"end":{"line":45,"column":68}},"6":{"start":{"line":49,"column":8},"end":{"line":49,"column":60}},"7":{"start":{"line":49,"column":37},"end":{"line":49,"column":58}},"8":{"start":{"line":55,"column":8},"end":{"line":55,"column":34}},"9":{"start":{"line":56,"column":8},"end":{"line":56,"column":42}},"10":{"start":{"line":57,"column":8},"end":{"line":57,"column":29}},"11":{"start":{"line":58,"column":8},"end":{"line":61,"column":15}},"12":{"start":{"line":62,"column":8},"end":{"line":62,"column":23}},"13":{"start":{"line":63,"column":8},"end":{"line":63,"column":31}},"14":{"start":{"line":66,"column":4},"end":{"line":70,"column":5}},"15":{"start":{"line":67,"column":8},"end":{"line":69,"column":10}},"16":{"start":{"line":72,"column":4},"end":{"line":88,"column":5}},"17":{"start":{"line":74,"column":24},"end":{"line":77,"column":9}},"18":{"start":{"line":78,"column":8},"end":{"line":78,"column":30}},"19":{"start":{"line":80,"column":8},"end":{"line":84,"column":9}},"20":{"start":{"line":81,"column":12},"end":{"line":81,"column":30}},"21":{"start":{"line":83,"column":12},"end":{"line":83,"column":33}},"22":{"start":{"line":85,"column":8},"end":{"line":85,"column":40}},"23":{"start":{"line":86,"column":8},"end":{"line":86,"column":34}},"24":{"start":{"line":86,"column":22},"end":{"line":86,"column":34}},"25":{"start":{"line":87,"column":8},"end":{"line":87,"column":20}},"26":{"start":{"line":91,"column":4},"end":{"line":94,"column":5}},"27":{"start":{"line":92,"column":8},"end":{"line":92,"column":42}},"28":{"start":{"line":93,"column":8},"end":{"line":93,"column":40}},"29":{"start":{"line":96,"column":4},"end":{"line":101,"column":5}},"30":{"start":{"line":97,"column":8},"end":{"line":97,"column":23}},"31":{"start":{"line":98,"column":8},"end":{"line":98,"column":46}},"32":{"start":{"line":99,"column":8},"end":{"line":99,"column":31}},"33":{"start":{"line":100,"column":8},"end":{"line":100,"column":62}},"34":{"start":{"line":105,"column":25},"end":{"line":107,"column":5}},"35":{"start":{"line":106,"column":8},"end":{"line":106,"column":34}},"36":{"start":{"line":110,"column":8},"end":{"line":110,"column":49}},"37":{"start":{"line":111,"column":8},"end":{"line":111,"column":60}},"38":{"start":{"line":113,"column":8},"end":{"line":113,"column":41}},"39":{"start":{"line":114,"column":8},"end":{"line":114,"column":35}},"40":{"start":{"line":115,"column":8},"end":{"line":115,"column":74}},"41":{"start":{"line":115,"column":61},"end":{"line":115,"column":72}},"42":{"start":{"line":116,"column":8},"end":{"line":116,"column":65}},"43":{"start":{"line":117,"column":8},"end":{"line":117,"column":30}},"44":{"start":{"line":118,"column":8},"end":{"line":118,"column":39}},"45":{"start":{"line":119,"column":8},"end":{"line":122,"column":10}},"46":{"start":{"line":125,"column":4},"end":{"line":127,"column":6}},"47":{"start":{"line":126,"column":8},"end":{"line":126,"column":49}},"48":{"start":{"line":129,"column":4},"end":{"line":135,"column":6}},"49":{"start":{"line":130,"column":8},"end":{"line":132,"column":9}},"50":{"start":{"line":131,"column":12},"end":{"line":131,"column":24}},"51":{"start":{"line":133,"column":8},"end":{"line":133,"column":70}},"52":{"start":{"line":134,"column":8},"end":{"line":134,"column":72}},"53":{"start":{"line":137,"column":4},"end":{"line":165,"column":6}},"54":{"start":{"line":138,"column":8},"end":{"line":140,"column":9}},"55":{"start":{"line":139,"column":12},"end":{"line":139,"column":65}},"56":{"start":{"line":142,"column":19},"end":{"line":142,"column":23}},"57":{"start":{"line":143,"column":25},"end":{"line":143,"column":36}},"58":{"start":{"line":144,"column":22},"end":{"line":144,"column":42}},"59":{"start":{"line":145,"column":27},"end":{"line":145,"column":46}},"60":{"start":{"line":146,"column":8},"end":{"line":153,"column":9}},"61":{"start":{"line":152,"column":12},"end":{"line":152,"column":78}},"62":{"start":{"line":154,"column":18},"end":{"line":158,"column":9}},"63":{"start":{"line":159,"column":8},"end":{"line":159,"column":48}},"64":{"start":{"line":160,"column":8},"end":{"line":160,"column":41}},"65":{"start":{"line":161,"column":8},"end":{"line":164,"column":11}},"66":{"start":{"line":162,"column":12},"end":{"line":162,"column":58}},"67":{"start":{"line":163,"column":12},"end":{"line":163,"column":28}},"68":{"start":{"line":167,"column":4},"end":{"line":177,"column":6}},"69":{"start":{"line":168,"column":8},"end":{"line":168,"column":52}},"70":{"start":{"line":168,"column":19},"end":{"line":168,"column":52}},"71":{"start":{"line":169,"column":8},"end":{"line":169,"column":35}},"72":{"start":{"line":170,"column":23},"end":{"line":170,"column":48}},"73":{"start":{"line":171,"column":8},"end":{"line":175,"column":11}},"74":{"start":{"line":172,"column":12},"end":{"line":172,"column":35}},"75":{"start":{"line":174,"column":12},"end":{"line":174,"column":33}},"76":{"start":{"line":176,"column":8},"end":{"line":176,"column":41}},"77":{"start":{"line":179,"column":4},"end":{"line":190,"column":6}},"78":{"start":{"line":180,"column":8},"end":{"line":180,"column":61}},"79":{"start":{"line":181,"column":19},"end":{"line":181,"column":23}},"80":{"start":{"line":183,"column":8},"end":{"line":183,"column":42}},"81":{"start":{"line":184,"column":8},"end":{"line":184,"column":40}},"82":{"start":{"line":187,"column":8},"end":{"line":189,"column":10}},"83":{"start":{"line":188,"column":12},"end":{"line":188,"column":39}},"84":{"start":{"line":192,"column":4},"end":{"line":213,"column":6}},"85":{"start":{"line":193,"column":8},"end":{"line":193,"column":44}},"86":{"start":{"line":194,"column":8},"end":{"line":204,"column":9}},"87":{"start":{"line":203,"column":12},"end":{"line":203,"column":24}},"88":{"start":{"line":206,"column":23},"end":{"line":206,"column":53}},"89":{"start":{"line":207,"column":25},"end":{"line":207,"column":86}},"90":{"start":{"line":208,"column":23},"end":{"line":208,"column":72}},"91":{"start":{"line":210,"column":8},"end":{"line":210,"column":45}},"92":{"start":{"line":211,"column":8},"end":{"line":211,"column":53}},"93":{"start":{"line":212,"column":8},"end":{"line":212,"column":20}},"94":{"start":{"line":215,"column":4},"end":{"line":219,"column":6}},"95":{"start":{"line":216,"column":8},"end":{"line":216,"column":52}},"96":{"start":{"line":217,"column":8},"end":{"line":217,"column":25}},"97":{"start":{"line":218,"column":8},"end":{"line":218,"column":20}},"98":{"start":{"line":221,"column":4},"end":{"line":225,"column":6}},"99":{"start":{"line":222,"column":8},"end":{"line":222,"column":36}},"100":{"start":{"line":223,"column":8},"end":{"line":223,"column":30}},"101":{"start":{"line":224,"column":8},"end":{"line":224,"column":20}},"102":{"start":{"line":227,"column":4},"end":{"line":259,"column":6}},"103":{"start":{"line":230,"column":12},"end":{"line":230,"column":57}},"104":{"start":{"line":233,"column":12},"end":{"line":233,"column":38}},"105":{"start":{"line":236,"column":12},"end":{"line":238,"column":14}},"106":{"start":{"line":237,"column":16},"end":{"line":237,"column":63}},"107":{"start":{"line":239,"column":12},"end":{"line":257,"column":14}},"108":{"start":{"line":240,"column":31},"end":{"line":240,"column":62}},"109":{"start":{"line":241,"column":27},"end":{"line":241,"column":42}},"110":{"start":{"line":243,"column":16},"end":{"line":256,"column":19}},"111":{"start":{"line":245,"column":20},"end":{"line":255,"column":50}},"112":{"start":{"line":246,"column":24},"end":{"line":254,"column":27}},"113":{"start":{"line":247,"column":28},"end":{"line":253,"column":29}},"114":{"start":{"line":248,"column":32},"end":{"line":250,"column":34}},"115":{"start":{"line":252,"column":32},"end":{"line":252,"column":67}},"116":{"start":{"line":262,"column":0},"end":{"line":262,"column":59}}},"fnMap":{"0":{"name":"(anonymous_0)","decl":{"start":{"line":8,"column":14},"end":{"line":8,"column":15}},"loc":{"start":{"line":8,"column":26},"end":{"line":260,"column":1}},"line":8},"1":{"name":"_isFunction","decl":{"start":{"line":29,"column":13},"end":{"line":29,"column":24}},"loc":{"start":{"line":29,"column":34},"end":{"line":31,"column":5}},"line":29},"2":{"name":"_isPromise","decl":{"start":{"line":44,"column":13},"end":{"line":44,"column":23}},"loc":{"start":{"line":44,"column":32},"end":{"line":46,"column":5}},"line":44},"3":{"name":"_isNumber","decl":{"start":{"line":48,"column":13},"end":{"line":48,"column":22}},"loc":{"start":{"line":48,"column":31},"end":{"line":50,"column":5}},"line":48},"4":{"name":"HistoryManager","decl":{"start":{"line":54,"column":13},"end":{"line":54,"column":27}},"loc":{"start":{"line":54,"column":48},"end":{"line":64,"column":5}},"line":54},"5":{"name":"(anonymous_5)","decl":{"start":{"line":66,"column":35},"end":{"line":66,"column":36}},"loc":{"start":{"line":66,"column":55},"end":{"line":70,"column":5}},"line":66},"6":{"name":"(anonymous_6)","decl":{"start":{"line":72,"column":38},"end":{"line":72,"column":39}},"loc":{"start":{"line":72,"column":64},"end":{"line":88,"column":5}},"line":72},"7":{"name":"(anonymous_7)","decl":{"start":{"line":91,"column":36},"end":{"line":91,"column":37}},"loc":{"start":{"line":91,"column":48},"end":{"line":94,"column":5}},"line":91},"8":{"name":"(anonymous_8)","decl":{"start":{"line":96,"column":37},"end":{"line":96,"column":38}},"loc":{"start":{"line":96,"column":49},"end":{"line":101,"column":5}},"line":96},"9":{"name":"(anonymous_9)","decl":{"start":{"line":105,"column":25},"end":{"line":105,"column":26}},"loc":{"start":{"line":105,"column":35},"end":{"line":107,"column":5}},"line":105},"10":{"name":"Store","decl":{"start":{"line":109,"column":13},"end":{"line":109,"column":18}},"loc":{"start":{"line":109,"column":47},"end":{"line":123,"column":5}},"line":109},"11":{"name":"(anonymous_11)","decl":{"start":{"line":115,"column":49},"end":{"line":115,"column":50}},"loc":{"start":{"line":115,"column":60},"end":{"line":115,"column":73}},"line":115},"12":{"name":"(anonymous_12)","decl":{"start":{"line":125,"column":31},"end":{"line":125,"column":32}},"loc":{"start":{"line":125,"column":51},"end":{"line":127,"column":5}},"line":125},"13":{"name":"(anonymous_13)","decl":{"start":{"line":129,"column":31},"end":{"line":129,"column":32}},"loc":{"start":{"line":129,"column":43},"end":{"line":135,"column":5}},"line":129},"14":{"name":"(anonymous_14)","decl":{"start":{"line":137,"column":29},"end":{"line":137,"column":30}},"loc":{"start":{"line":137,"column":57},"end":{"line":165,"column":5}},"line":137},"15":{"name":"(anonymous_15)","decl":{"start":{"line":161,"column":24},"end":{"line":161,"column":25}},"loc":{"start":{"line":161,"column":43},"end":{"line":164,"column":9}},"line":161},"16":{"name":"(anonymous_16)","decl":{"start":{"line":167,"column":27},"end":{"line":167,"column":28}},"loc":{"start":{"line":167,"column":45},"end":{"line":177,"column":5}},"line":167},"17":{"name":"(anonymous_17)","decl":{"start":{"line":171,"column":32},"end":{"line":171,"column":33}},"loc":{"start":{"line":171,"column":49},"end":{"line":173,"column":9}},"line":171},"18":{"name":"(anonymous_18)","decl":{"start":{"line":173,"column":19},"end":{"line":173,"column":20}},"loc":{"start":{"line":173,"column":41},"end":{"line":175,"column":9}},"line":173},"19":{"name":"(anonymous_19)","decl":{"start":{"line":179,"column":32},"end":{"line":179,"column":33}},"loc":{"start":{"line":179,"column":54},"end":{"line":190,"column":5}},"line":179},"20":{"name":"(anonymous_20)","decl":{"start":{"line":187,"column":15},"end":{"line":187,"column":16}},"loc":{"start":{"line":187,"column":27},"end":{"line":189,"column":9}},"line":187},"21":{"name":"(anonymous_21)","decl":{"start":{"line":192,"column":27},"end":{"line":192,"column":28}},"loc":{"start":{"line":192,"column":41},"end":{"line":213,"column":5}},"line":192},"22":{"name":"(anonymous_22)","decl":{"start":{"line":215,"column":37},"end":{"line":215,"column":38}},"loc":{"start":{"line":215,"column":50},"end":{"line":219,"column":5}},"line":215},"23":{"name":"(anonymous_23)","decl":{"start":{"line":221,"column":28},"end":{"line":221,"column":29}},"loc":{"start":{"line":221,"column":40},"end":{"line":225,"column":5}},"line":221},"24":{"name":"(anonymous_24)","decl":{"start":{"line":229,"column":18},"end":{"line":229,"column":19}},"loc":{"start":{"line":229,"column":56},"end":{"line":231,"column":9}},"line":229},"25":{"name":"(anonymous_25)","decl":{"start":{"line":232,"column":17},"end":{"line":232,"column":18}},"loc":{"start":{"line":232,"column":30},"end":{"line":234,"column":9}},"line":232},"26":{"name":"(anonymous_26)","decl":{"start":{"line":235,"column":17},"end":{"line":235,"column":18}},"loc":{"start":{"line":235,"column":37},"end":{"line":258,"column":9}},"line":235},"27":{"name":"(anonymous_27)","decl":{"start":{"line":236,"column":29},"end":{"line":236,"column":30}},"loc":{"start":{"line":236,"column":47},"end":{"line":238,"column":13}},"line":236},"28":{"name":"(anonymous_28)","decl":{"start":{"line":239,"column":19},"end":{"line":239,"column":20}},"loc":{"start":{"line":239,"column":64},"end":{"line":257,"column":13}},"line":239},"29":{"name":"(anonymous_29)","decl":{"start":{"line":243,"column":35},"end":{"line":243,"column":36}},"loc":{"start":{"line":243,"column":54},"end":{"line":256,"column":17}},"line":243},"30":{"name":"(anonymous_30)","decl":{"start":{"line":245,"column":43},"end":{"line":245,"column":44}},"loc":{"start":{"line":245,"column":66},"end":{"line":255,"column":21}},"line":245},"31":{"name":"(anonymous_31)","decl":{"start":{"line":246,"column":40},"end":{"line":246,"column":41}},"loc":{"start":{"line":246,"column":53},"end":{"line":254,"column":25}},"line":246}},"branchMap":{"0":{"loc":{"start":{"line":30,"column":8},"end":{"line":30,"column":62}},"type":"if","locations":[{"start":{"line":30,"column":8},"end":{"line":30,"column":62}},{"start":{},"end":{}}],"line":30},"1":{"loc":{"start":{"line":45,"column":8},"end":{"line":45,"column":70}},"type":"if","locations":[{"start":{"line":45,"column":8},"end":{"line":45,"column":70}},{"start":{},"end":{}}],"line":45},"2":{"loc":{"start":{"line":49,"column":8},"end":{"line":49,"column":60}},"type":"if","locations":[{"start":{"line":49,"column":8},"end":{"line":49,"column":60}},{"start":{},"end":{}}],"line":49},"3":{"loc":{"start":{"line":58,"column":27},"end":{"line":61,"column":14}},"type":"binary-expr","locations":[{"start":{"line":58,"column":27},"end":{"line":61,"column":9}},{"start":{"line":61,"column":13},"end":{"line":61,"column":14}}],"line":58},"4":{"loc":{"start":{"line":67,"column":20},"end":{"line":67,"column":58}},"type":"cond-expr","locations":[{"start":{"line":67,"column":31},"end":{"line":67,"column":47}},{"start":{"line":67,"column":50},"end":{"line":67,"column":58}}],"line":67},"5":{"loc":{"start":{"line":68,"column":17},"end":{"line":68,"column":52}},"type":"cond-expr","locations":[{"start":{"line":68,"column":28},"end":{"line":68,"column":43}},{"start":{"line":68,"column":45},"end":{"line":68,"column":52}}],"line":68},"6":{"loc":{"start":{"line":80,"column":8},"end":{"line":84,"column":9}},"type":"if","locations":[{"start":{"line":80,"column":8},"end":{"line":84,"column":9}},{"start":{"line":82,"column":15},"end":{"line":84,"column":9}}],"line":80},"7":{"loc":{"start":{"line":80,"column":12},"end":{"line":80,"column":67}},"type":"binary-expr","locations":[{"start":{"line":80,"column":12},"end":{"line":80,"column":28}},{"start":{"line":80,"column":32},"end":{"line":80,"column":67}}],"line":80},"8":{"loc":{"start":{"line":86,"column":8},"end":{"line":86,"column":34}},"type":"if","locations":[{"start":{"line":86,"column":8},"end":{"line":86,"column":34}},{"start":{},"end":{}}],"line":86},"9":{"loc":{"start":{"line":110,"column":23},"end":{"line":110,"column":48}},"type":"binary-expr","locations":[{"start":{"line":110,"column":23},"end":{"line":110,"column":30}},{"start":{"line":110,"column":34},"end":{"line":110,"column":48}}],"line":110},"10":{"loc":{"start":{"line":113,"column":25},"end":{"line":113,"column":40}},"type":"binary-expr","locations":[{"start":{"line":113,"column":25},"end":{"line":113,"column":34}},{"start":{"line":113,"column":38},"end":{"line":113,"column":40}}],"line":113},"11":{"loc":{"start":{"line":114,"column":22},"end":{"line":114,"column":34}},"type":"binary-expr","locations":[{"start":{"line":114,"column":22},"end":{"line":114,"column":28}},{"start":{"line":114,"column":32},"end":{"line":114,"column":34}}],"line":114},"12":{"loc":{"start":{"line":115,"column":28},"end":{"line":115,"column":73}},"type":"binary-expr","locations":[{"start":{"line":115,"column":28},"end":{"line":115,"column":45}},{"start":{"line":115,"column":49},"end":{"line":115,"column":73}}],"line":115},"13":{"loc":{"start":{"line":130,"column":8},"end":{"line":132,"column":9}},"type":"if","locations":[{"start":{"line":130,"column":8},"end":{"line":132,"column":9}},{"start":{},"end":{}}],"line":130},"14":{"loc":{"start":{"line":138,"column":8},"end":{"line":140,"column":9}},"type":"if","locations":[{"start":{"line":138,"column":8},"end":{"line":140,"column":9}},{"start":{},"end":{}}],"line":138},"15":{"loc":{"start":{"line":144,"column":22},"end":{"line":144,"column":42}},"type":"binary-expr","locations":[{"start":{"line":144,"column":22},"end":{"line":144,"column":36}},{"start":{"line":144,"column":40},"end":{"line":144,"column":42}}],"line":144},"16":{"loc":{"start":{"line":146,"column":8},"end":{"line":153,"column":9}},"type":"if","locations":[{"start":{"line":146,"column":8},"end":{"line":153,"column":9}},{"start":{},"end":{}}],"line":146},"17":{"loc":{"start":{"line":168,"column":8},"end":{"line":168,"column":52}},"type":"if","locations":[{"start":{"line":168,"column":8},"end":{"line":168,"column":52}},{"start":{},"end":{}}],"line":168},"18":{"loc":{"start":{"line":194,"column":8},"end":{"line":204,"column":9}},"type":"if","locations":[{"start":{"line":194,"column":8},"end":{"line":204,"column":9}},{"start":{},"end":{}}],"line":194},"19":{"loc":{"start":{"line":196,"column":12},"end":{"line":201,"column":23}},"type":"binary-expr","locations":[{"start":{"line":196,"column":12},"end":{"line":196,"column":49}},{"start":{"line":198,"column":15},"end":{"line":198,"column":78}},{"start":{"line":200,"column":15},"end":{"line":200,"column":40}},{"start":{"line":201,"column":15},"end":{"line":201,"column":23}}],"line":196},"20":{"loc":{"start":{"line":207,"column":25},"end":{"line":207,"column":86}},"type":"binary-expr","locations":[{"start":{"line":207,"column":25},"end":{"line":207,"column":38}},{"start":{"line":207,"column":42},"end":{"line":207,"column":86}}],"line":207},"21":{"loc":{"start":{"line":208,"column":23},"end":{"line":208,"column":72}},"type":"cond-expr","locations":[{"start":{"line":208,"column":36},"end":{"line":208,"column":44}},{"start":{"line":208,"column":47},"end":{"line":208,"column":72}}],"line":208},"22":{"loc":{"start":{"line":247,"column":28},"end":{"line":253,"column":29}},"type":"if","locations":[{"start":{"line":247,"column":28},"end":{"line":253,"column":29}},{"start":{"line":251,"column":34},"end":{"line":253,"column":29}}],"line":247},"23":{"loc":{"start":{"line":262,"column":0},"end":{"line":262,"column":58}},"type":"binary-expr","locations":[{"start":{"line":262,"column":1},"end":{"line":262,"column":28}},{"start":{"line":262,"column":34},"end":{"line":262,"column":57}}],"line":262}},"s":{"0":1,"1":1,"2":55,"3":1,"4":34,"5":1,"6":9,"7":1,"8":25,"9":25,"10":25,"11":25,"12":25,"13":25,"14":1,"15":76,"16":1,"17":32,"18":32,"19":32,"20":18,"21":14,"22":32,"23":32,"24":16,"25":32,"26":1,"27":22,"28":22,"29":1,"30":3,"31":3,"32":3,"33":3,"34":1,"35":1,"36":26,"37":26,"38":25,"39":25,"40":25,"41":34,"42":25,"43":25,"44":25,"45":25,"46":1,"47":70,"48":1,"49":2,"50":1,"51":1,"52":1,"53":1,"54":36,"55":1,"56":35,"57":35,"58":35,"59":35,"60":35,"61":1,"62":34,"63":34,"64":33,"65":33,"66":32,"67":32,"68":1,"69":7,"70":1,"71":6,"72":6,"73":6,"74":1,"75":1,"76":6,"77":1,"78":1,"79":1,"80":1,"81":1,"82":1,"83":1,"84":1,"85":9,"86":8,"87":3,"88":5,"89":5,"90":5,"91":5,"92":5,"93":5,"94":1,"95":1,"96":1,"97":1,"98":1,"99":3,"100":3,"101":3,"102":1,"103":26,"104":1,"105":1,"106":2,"107":1,"108":2,"109":2,"110":2,"111":2,"112":4,"113":4,"114":2,"115":2,"116":1},"f":{"0":1,"1":55,"2":34,"3":9,"4":25,"5":76,"6":32,"7":22,"8":3,"9":1,"10":26,"11":34,"12":70,"13":2,"14":36,"15":32,"16":7,"17":1,"18":1,"19":1,"20":1,"21":9,"22":1,"23":3,"24":26,"25":1,"26":1,"27":2,"28":2,"29":2,"30":4,"31":4},"b":{"0":[1,54],"1":[1,33],"2":[1,8],"3":[25,15],"4":[39,37],"5":[39,37],"6":[18,14],"7":[32,32],"8":[16,16],"9":[26,1],"10":[25,6],"11":[25,11],"12":[25,24],"13":[1,1],"14":[1,35],"15":[35,7],"16":[1,34],"17":[1,6],"18":[3,5],"19":[8,8,5,5],"20":[5,4],"21":[3,2],"22":[2,2],"23":[1,1]},"_coverageSchema":"1a1c01bbd47fc00a2c39e90264f33305004495a9","hash":"5a542d9c3498bb3c8a5b6ebffd0b2e68d5d278e5"}
}
