TN:
SF:dist/index.js
FN:8,(anonymous_0)
FN:27,_isFunction
FN:38,HistoryManager
FN:47,(anonymous_3)
FN:53,(anonymous_4)
FN:71,(anonymous_5)
FN:76,(anonymous_6)
FN:85,(anonymous_7)
FN:89,Store
FN:100,(anonymous_9)
FN:104,(anonymous_10)
FN:117,(anonymous_11)
FN:123,(anonymous_12)
FN:126,(anonymous_13)
FN:131,(anonymous_14)
FN:139,(anonymous_15)
FN:144,(anonymous_16)
FN:159,(anonymous_17)
FN:163,(anonymous_18)
FN:170,(anonymous_19)
FN:173,(anonymous_20)
FN:176,(anonymous_21)
FN:177,(anonymous_22)
FN:182,(anonymous_23)
FN:184,(anonymous_24)
FN:185,(anonymous_25)
FNF:26
FNH:25
FNDA:1,(anonymous_0)
FNDA:1,_isFunction
FNDA:17,HistoryManager
FNDA:41,(anonymous_3)
FNDA:25,(anonymous_4)
FNDA:18,(anonymous_5)
FNDA:2,(anonymous_6)
FNDA:1,(anonymous_7)
FNDA:17,Store
FNDA:26,(anonymous_9)
FNDA:18,(anonymous_10)
FNDA:16,(anonymous_11)
FNDA:2,(anonymous_12)
FNDA:1,(anonymous_13)
FNDA:1,(anonymous_14)
FNDA:0,(anonymous_15)
FNDA:1,(anonymous_16)
FNDA:1,(anonymous_17)
FNDA:1,(anonymous_18)
FNDA:17,(anonymous_19)
FNDA:1,(anonymous_20)
FNDA:1,(anonymous_21)
FNDA:2,(anonymous_22)
FNDA:2,(anonymous_23)
FNDA:4,(anonymous_24)
FNDA:4,(anonymous_25)
DA:8,1
DA:15,1
DA:28,1
DA:39,17
DA:40,17
DA:41,17
DA:42,17
DA:43,17
DA:44,17
DA:47,1
DA:48,41
DA:53,1
DA:54,25
DA:58,25
DA:60,25
DA:61,3
DA:63,22
DA:65,25
DA:66,25
DA:67,25
DA:71,1
DA:72,18
DA:73,18
DA:76,1
DA:77,2
DA:78,2
DA:79,2
DA:80,2
DA:85,1
DA:86,1
DA:90,17
DA:91,17
DA:92,17
DA:93,17
DA:94,17
DA:100,1
DA:101,26
DA:104,1
DA:105,18
DA:106,1
DA:108,17
DA:109,17
DA:110,17
DA:111,17
DA:113,17
DA:118,16
DA:119,16
DA:123,1
DA:124,2
DA:125,2
DA:126,2
DA:127,1
DA:131,1
DA:132,1
DA:133,1
DA:135,1
DA:136,1
DA:139,1
DA:140,0
DA:144,1
DA:145,1
DA:149,0
DA:150,1
DA:151,1
DA:152,1
DA:154,1
DA:155,1
DA:156,1
DA:159,1
DA:160,1
DA:163,1
DA:164,1
DA:165,1
DA:168,1
DA:171,17
DA:174,1
DA:177,1
DA:178,2
DA:179,2
DA:180,2
DA:182,2
DA:184,2
DA:185,4
DA:187,4
DA:188,2
DA:192,2
DA:202,1
LF:87
LH:85
BRDA:28,0,0,0
BRDA:28,0,1,1
BRDA:39,1,0,17
BRDA:39,1,1,0
BRDA:40,2,0,17
BRDA:40,2,1,0
BRDA:41,3,0,17
BRDA:41,3,1,0
BRDA:42,4,0,17
BRDA:42,4,1,15
BRDA:48,5,0,17
BRDA:48,5,1,24
BRDA:49,6,0,17
BRDA:49,6,1,24
BRDA:60,7,0,3
BRDA:60,7,1,22
BRDA:60,8,0,25
BRDA:60,8,1,5
BRDA:66,9,0,12
BRDA:66,9,1,13
BRDA:90,10,0,17
BRDA:90,10,1,4
BRDA:91,11,0,17
BRDA:91,11,1,7
BRDA:92,12,0,17
BRDA:92,12,1,13
BRDA:105,13,0,1
BRDA:105,13,1,17
BRDA:110,14,0,17
BRDA:110,14,1,6
BRDA:145,15,0,0
BRDA:145,15,1,1
BRDA:146,16,0,1
BRDA:146,16,1,1
BRDA:146,16,2,1
BRDA:151,17,0,1
BRDA:151,17,1,1
BRDA:152,18,0,1
BRDA:152,18,1,0
BRDA:160,19,0,1
BRDA:160,19,1,0
BRDA:178,20,0,2
BRDA:178,20,1,0
BRDA:187,21,0,2
BRDA:187,21,1,2
BRDA:202,22,0,1
BRDA:202,22,1,1
BRF:47
BRH:39
end_of_record
