TN:
SF:dist/index.js
FN:8,(anonymous_0)
FN:29,_isFunction
FN:44,_isPromise
FN:48,_isNumber
FN:54,HistoryManager
FN:67,(anonymous_5)
FN:73,(anonymous_6)
FN:90,(anonymous_7)
FN:95,(anonymous_8)
FN:104,(anonymous_9)
FN:108,Store
FN:114,(anonymous_11)
FN:124,(anonymous_12)
FN:128,(anonymous_13)
FN:136,(anonymous_14)
FN:159,(anonymous_15)
FN:166,(anonymous_16)
FN:167,(anonymous_17)
FN:169,(anonymous_18)
FN:174,(anonymous_19)
FN:182,(anonymous_20)
FN:190,(anonymous_21)
FN:195,(anonymous_22)
FN:217,(anonymous_23)
FN:223,(anonymous_24)
FN:231,(anonymous_25)
FN:235,(anonymous_26)
FN:238,(anonymous_27)
FN:239,(anonymous_28)
FN:242,(anonymous_29)
FN:246,(anonymous_30)
FN:248,(anonymous_31)
FN:249,(anonymous_32)
FNF:33
FNH:33
FNDA:1,(anonymous_0)
FNDA:58,_isFunction
FNDA:36,_isPromise
FNDA:9,_isNumber
FNDA:26,HistoryManager
FNDA:80,(anonymous_5)
FNDA:34,(anonymous_6)
FNDA:24,(anonymous_7)
FNDA:4,(anonymous_8)
FNDA:1,(anonymous_9)
FNDA:27,Store
FNDA:36,(anonymous_11)
FNDA:74,(anonymous_12)
FNDA:2,(anonymous_13)
FNDA:38,(anonymous_14)
FNDA:34,(anonymous_15)
FNDA:28,(anonymous_16)
FNDA:3,(anonymous_17)
FNDA:2,(anonymous_18)
FNDA:9,(anonymous_19)
FNDA:2,(anonymous_20)
FNDA:1,(anonymous_21)
FNDA:9,(anonymous_22)
FNDA:1,(anonymous_23)
FNDA:4,(anonymous_24)
FNDA:27,(anonymous_25)
FNDA:1,(anonymous_26)
FNDA:1,(anonymous_27)
FNDA:2,(anonymous_28)
FNDA:2,(anonymous_29)
FNDA:2,(anonymous_30)
FNDA:4,(anonymous_31)
FNDA:4,(anonymous_32)
DA:8,1
DA:15,1
DA:30,58
DA:45,36
DA:49,9
DA:55,26
DA:56,26
DA:57,26
DA:58,26
DA:59,26
DA:63,26
DA:64,26
DA:67,1
DA:68,80
DA:73,1
DA:74,34
DA:78,34
DA:80,34
DA:81,19
DA:83,15
DA:85,34
DA:86,34
DA:87,34
DA:90,1
DA:91,24
DA:92,24
DA:95,1
DA:96,4
DA:97,4
DA:98,4
DA:99,4
DA:104,1
DA:105,1
DA:109,27
DA:110,27
DA:112,26
DA:113,26
DA:114,36
DA:115,26
DA:116,26
DA:117,26
DA:118,26
DA:124,1
DA:125,74
DA:128,1
DA:129,2
DA:130,1
DA:132,1
DA:133,1
DA:136,1
DA:137,38
DA:138,1
DA:140,37
DA:141,37
DA:142,37
DA:143,37
DA:144,37
DA:150,1
DA:152,36
DA:157,36
DA:158,35
DA:159,35
DA:160,34
DA:161,34
DA:162,34
DA:166,1
DA:167,28
DA:168,3
DA:170,2
DA:174,1
DA:175,9
DA:176,6
DA:177,6
DA:178,6
DA:179,6
DA:182,1
DA:183,2
DA:184,2
DA:186,2
DA:187,2
DA:190,2
DA:191,1
DA:195,1
DA:196,9
DA:197,8
DA:206,3
DA:209,5
DA:210,5
DA:211,5
DA:212,5
DA:213,5
DA:214,5
DA:217,1
DA:218,1
DA:219,1
DA:220,1
DA:223,1
DA:224,4
DA:225,4
DA:226,4
DA:229,1
DA:232,27
DA:233,26
DA:236,1
DA:239,1
DA:240,2
DA:242,1
DA:243,2
DA:244,2
DA:246,2
DA:248,2
DA:249,4
DA:250,4
DA:251,2
DA:255,2
DA:265,1
LF:116
LH:116
BRDA:30,0,0,1
BRDA:30,0,1,57
BRDA:45,1,0,1
BRDA:45,1,1,35
BRDA:49,2,0,1
BRDA:49,2,1,8
BRDA:59,3,0,26
BRDA:59,3,1,16
BRDA:68,4,0,41
BRDA:68,4,1,39
BRDA:69,5,0,41
BRDA:69,5,1,39
BRDA:80,6,0,19
BRDA:80,6,1,15
BRDA:80,7,0,34
BRDA:80,7,1,34
BRDA:86,8,0,18
BRDA:86,8,1,16
BRDA:109,9,0,27
BRDA:109,9,1,1
BRDA:112,10,0,26
BRDA:112,10,1,6
BRDA:113,11,0,26
BRDA:113,11,1,12
BRDA:114,12,0,26
BRDA:114,12,1,25
BRDA:129,13,0,1
BRDA:129,13,1,1
BRDA:137,14,0,1
BRDA:137,14,1,37
BRDA:142,15,0,37
BRDA:142,15,1,7
BRDA:144,16,0,1
BRDA:144,16,1,36
BRDA:161,17,0,18
BRDA:161,17,1,16
BRDA:175,18,0,3
BRDA:175,18,1,6
BRDA:197,19,0,3
BRDA:197,19,1,5
BRDA:199,20,0,8
BRDA:199,20,1,8
BRDA:199,20,2,5
BRDA:199,20,3,5
BRDA:210,21,0,5
BRDA:210,21,1,4
BRDA:211,22,0,3
BRDA:211,22,1,2
BRDA:250,23,0,2
BRDA:250,23,1,2
BRDA:265,24,0,1
BRDA:265,24,1,1
BRF:52
BRH:52
end_of_record
